<?xml version="1.0" encoding="UTF-8"?>
<!-- Generated by org.testng.reporters.JUnitReportReporter -->
<testsuite hostname="QB-TP3-2511" failures="0" tests="1" name="TFOC.AppTest" time="0.003" errors="0" timestamp="2022-04-06T13:56:12 IST" skipped="0">
  <testcase classname="TFOC.AppTest" name="shouldAnswerWithTrue" time="0.003"/>
  <system-out/>
</testsuite> <!-- TFOC.AppTest -->
