<?xml version="1.0" encoding="UTF-8"?>
<!-- Generated by org.testng.reporters.JUnitReportReporter -->
<testsuite hostname="QB-TP3-2511" failures="0" tests="1" name="TFOC.Login" time="13.753" errors="0" timestamp="2022-04-06T23:09:30 IST" skipped="0">
  <testcase classname="TFOC.Login" name="shoreLogin" time="13.753"/>
  <system-out/>
</testsuite> <!-- TFOC.Login -->
